[    0.000000] Initializing cgroup subsys cpuset
[    0.000000] Initializing cgroup subsys cpu
[    0.000000] Initializing cgroup subsys cpuacct
[    0.000000] Linux version 4.4.0-204-generic (buildd@lgw01-amd64-018) (gcc version 5.4.0 20160609 (Ubuntu 5.4.0-6ubuntu1~16.04.12) ) #236-Ubuntu SMP Fri Feb 19 16:11:27 UTC 2021 (Ubuntu 4.4.0-204.236-generic 4.4.254)
[    0.000000] Command line: BOOT_IMAGE=/boot/vmlinuz-4.4.0-204-generic root=LABEL=cloudimg-rootfs ro console=tty1 console=ttyS0
[    0.000000] KERNEL supported cpus:
[    0.000000]   Intel GenuineIntel
[    0.000000]   AMD AuthenticAMD
[    0.000000]   Centaur CentaurHauls
[    0.000000] x86/fpu: xstate_offset[2]:  576, xstate_sizes[2]:  256
[    0.000000] x86/fpu: Supporting XSAVE feature 0x01: 'x87 floating point registers'
[    0.000000] x86/fpu: Supporting XSAVE feature 0x02: 'SSE registers'
[    0.000000] x86/fpu: Supporting XSAVE feature 0x04: 'AVX registers'
[    0.000000] x86/fpu: Enabled xstate features 0x7, context size is 832 bytes, using 'standard' format.
[    0.000000] e820: BIOS-provided physical RAM map:
[    0.000000] BIOS-e820: [mem 0x0000000000000000-0x000000000009fbff] usable
[    0.000000] BIOS-e820: [mem 0x000000000009fc00-0x000000000009ffff] reserved
[    0.000000] BIOS-e820: [mem 0x00000000000f0000-0x00000000000fffff] reserved
[    0.000000] BIOS-e820: [mem 0x0000000000100000-0x00000000dffeffff] usable
[    0.000000] BIOS-e820: [mem 0x00000000dfff0000-0x00000000dfffffff] ACPI data
[    0.000000] BIOS-e820: [mem 0x00000000fec00000-0x00000000fec00fff] reserved
[    0.000000] BIOS-e820: [mem 0x00000000fee00000-0x00000000fee00fff] reserved
[    0.000000] BIOS-e820: [mem 0x00000000fffc0000-0x00000000ffffffff] reserved
[    0.000000] BIOS-e820: [mem 0x0000000100000000-0x000000011fffffff] usable
[    0.000000] NX (Execute Disable) protection: active
[    0.000000] SMBIOS 2.5 present.
[    0.000000] Hypervisor detected: KVM
[    0.000000] e820: last_pfn = 0x120000 max_arch_pfn = 0x400000000
[    0.000000] MTRR: Disabled
[    0.000000] x86/PAT: MTRRs disabled, skipping PAT initialization too.
[    0.000000] CPU MTRRs all blank - virtualized system.
[    0.000000] x86/PAT: Configuration [0-7]: WB  WT  UC- UC  WB  WT  UC- UC  
[    0.000000] e820: last_pfn = 0xdfff0 max_arch_pfn = 0x400000000
[    0.000000] found SMP MP-table at [mem 0x0009fff0-0x0009ffff] mapped at [ffff88000009fff0]
[    0.000000] Scanning 1 areas for low memory corruption
[    0.000000] RAMDISK: [mem 0x362de000-0x37166fff]
[    0.000000] ACPI: Early table checksum verification disabled
[    0.000000] ACPI: RSDP 0x00000000000E0000 000024 (v02 VBOX  )
[    0.000000] ACPI: XSDT 0x00000000DFFF0030 00003C (v01 VBOX   VBOXXSDT 00000001 ASL  00000061)
[    0.000000] ACPI: FACP 0x00000000DFFF00F0 0000F4 (v04 VBOX   VBOXFACP 00000001 ASL  00000061)
[    0.000000] ACPI: DSDT 0x00000000DFFF0470 002325 (v02 VBOX   VBOXBIOS 00000002 INTL 20100528)
[    0.000000] ACPI: FACS 0x00000000DFFF0200 000040
[    0.000000] ACPI: FACS 0x00000000DFFF0200 000040
[    0.000000] ACPI: APIC 0x00000000DFFF0240 00005C (v02 VBOX   VBOXAPIC 00000001 ASL  00000061)
[    0.000000] ACPI: SSDT 0x00000000DFFF02A0 0001CC (v01 VBOX   VBOXCPUT 00000002 INTL 20100528)
[    0.000000] No NUMA configuration found
[    0.000000] Faking a node at [mem 0x0000000000000000-0x000000011fffffff]
[    0.000000] NODE_DATA(0) allocated [mem 0x11fff7000-0x11fffbfff]
[    0.000000] kvm-clock: Using msrs 4b564d01 and 4b564d00
[    0.000000] kvm-clock: cpu 0, msr 1:1ffef001, primary cpu clock
[    0.000000] kvm-clock: using sched offset of 3454013134 cycles
[    0.000000] clocksource: kvm-clock: mask: 0xffffffffffffffff max_cycles: 0x1cd42e4dffb, max_idle_ns: 881590591483 ns
[    0.000000] Zone ranges:
[    0.000000]   DMA      [mem 0x0000000000001000-0x0000000000ffffff]
[    0.000000]   DMA32    [mem 0x0000000001000000-0x00000000ffffffff]
[    0.000000]   Normal   [mem 0x0000000100000000-0x000000011fffffff]
[    0.000000]   Device   empty
[    0.000000] Movable zone start for each node
[    0.000000] Early memory node ranges
[    0.000000]   node   0: [mem 0x0000000000001000-0x000000000009efff]
[    0.000000]   node   0: [mem 0x0000000000100000-0x00000000dffeffff]
[    0.000000]   node   0: [mem 0x0000000100000000-0x000000011fffffff]
[    0.000000] Initmem setup node 0 [mem 0x0000000000001000-0x000000011fffffff]
[    0.000000] ACPI: PM-Timer IO Port: 0x4008
[    0.000000] IOAPIC[0]: apic_id 2, version 32, address 0xfec00000, GSI 0-23
[    0.000000] ACPI: INT_SRC_OVR (bus 0 bus_irq 0 global_irq 2 dfl dfl)
[    0.000000] ACPI: INT_SRC_OVR (bus 0 bus_irq 9 global_irq 9 low level)
[    0.000000] Using ACPI (MADT) for SMP configuration information
[    0.000000] smpboot: Allowing 2 CPUs, 0 hotplug CPUs
[    0.000000] PM: Registered nosave memory: [mem 0x00000000-0x00000fff]
[    0.000000] PM: Registered nosave memory: [mem 0x0009f000-0x0009ffff]
[    0.000000] PM: Registered nosave memory: [mem 0x000a0000-0x000effff]
[    0.000000] PM: Registered nosave memory: [mem 0x000f0000-0x000fffff]
[    0.000000] PM: Registered nosave memory: [mem 0xdfff0000-0xdfffffff]
[    0.000000] PM: Registered nosave memory: [mem 0xe0000000-0xfebfffff]
[    0.000000] PM: Registered nosave memory: [mem 0xfec00000-0xfec00fff]
[    0.000000] PM: Registered nosave memory: [mem 0xfec01000-0xfedfffff]
[    0.000000] PM: Registered nosave memory: [mem 0xfee00000-0xfee00fff]
[    0.000000] PM: Registered nosave memory: [mem 0xfee01000-0xfffbffff]
[    0.000000] PM: Registered nosave memory: [mem 0xfffc0000-0xffffffff]
[    0.000000] e820: [mem 0xe0000000-0xfebfffff] available for PCI devices
[    0.000000] Booting paravirtualized kernel on KVM
[    0.000000] clocksource: refined-jiffies: mask: 0xffffffff max_cycles: 0xffffffff, max_idle_ns: 7645519600211568 ns
[    0.000000] setup_percpu: NR_CPUS:512 nr_cpumask_bits:512 nr_cpu_ids:2 nr_node_ids:1
[    0.000000] PERCPU: Embedded 33 pages/cpu @ffff88011fc00000 s95640 r8192 d31336 u1048576
[    0.000000] Built 1 zonelists in Node order, mobility grouping on.  Total pages: 1032056
[    0.000000] Policy zone: Normal
[    0.000000] Kernel command line: BOOT_IMAGE=/boot/vmlinuz-4.4.0-204-generic root=LABEL=cloudimg-rootfs ro console=tty1 console=ttyS0
[    0.000000] PID hash table entries: 4096 (order: 3, 32768 bytes)
[    0.000000] Memory: 4028168K/4193848K available (8641K kernel code, 1337K rwdata, 4044K rodata, 1496K init, 1296K bss, 165680K reserved, 0K cma-reserved)
[    0.000000] SLUB: HWalign=64, Order=0-3, MinObjects=0, CPUs=2, Nodes=1
[    0.000000] Kernel/User page tables isolation: enabled
[    0.000000] Hierarchical RCU implementation.
[    0.000000] 	Build-time adjustment of leaf fanout to 64.
[    0.000000] 	RCU restricting CPUs from NR_CPUS=512 to nr_cpu_ids=2.
[    0.000000] RCU: Adjusting geometry for rcu_fanout_leaf=64, nr_cpu_ids=2
[    0.000000] NR_IRQS:33024 nr_irqs:440 16
[    0.000000] Console: colour VGA+ 80x25
[    0.000000] console [tty1] enabled
[    0.000000] console [ttyS0] enabled
[    0.000000] tsc: Detected 1800.003 MHz processor
[    0.498118] Calibrating delay loop (skipped) preset value.. 3600.00 BogoMIPS (lpj=7200012)
[    0.500130] pid_max: default: 32768 minimum: 301
[    0.501195] ACPI: Core revision 20150930
[    0.504093] ACPI: 2 ACPI AML tables successfully acquired and loaded
[    0.505627] Security Framework initialized
[    0.506593] Yama: becoming mindful.
[    0.507479] AppArmor: AppArmor initialized
[    0.514697] Dentry cache hash table entries: 524288 (order: 10, 4194304 bytes)
[    0.529140] Inode-cache hash table entries: 262144 (order: 9, 2097152 bytes)
[    0.530940] Mount-cache hash table entries: 8192 (order: 4, 65536 bytes)
[    0.532335] Mountpoint-cache hash table entries: 8192 (order: 4, 65536 bytes)
[    0.539983] Initializing cgroup subsys io
[    0.541003] Initializing cgroup subsys memory
[    0.542055] Initializing cgroup subsys devices
[    0.543091] Initializing cgroup subsys freezer
[    0.544118] Initializing cgroup subsys net_cls
[    0.545155] Initializing cgroup subsys perf_event
[    0.546262] Initializing cgroup subsys net_prio
[    0.547393] Initializing cgroup subsys hugetlb
[    0.548426] Initializing cgroup subsys pids
[    0.564312] mce: CPU supports 0 MCE banks
[    0.565492] Last level iTLB entries: 4KB 64, 2MB 8, 4MB 8
[    0.566905] Last level dTLB entries: 4KB 64, 2MB 0, 4MB 0, 1GB 4
[    0.568422] Spectre V1 : Mitigation: usercopy/swapgs barriers and __user pointer sanitization
[    0.570573] Spectre V2 : Mitigation: Full generic retpoline
[    0.571917] Spectre V2 : Spectre v2 / SpectreRSB mitigation: Filling RSB on context switch
[    0.575161] Speculative Store Bypass: Vulnerable
[    0.576328] SRBDS: Unknown: Dependent on hypervisor status
[    0.577841] MDS: Mitigation: Clear CPU buffers
[    0.582098] Freeing SMP alternatives memory: 36K
[    0.589962] ftrace: allocating 32368 entries in 127 pages
[    0.656602] smpboot: APIC(0) Converting physical 0 to logical package 0
[    0.658213] smpboot: Max logical packages: 1
[    0.659658] x2apic enabled
[    0.660804] Switched APIC routing to physical x2apic.
[    0.663527] ..TIMER: vector=0x30 apic1=0 pin1=2 apic2=-1 pin2=-1
[    0.773081] smpboot: CPU0: Intel(R) Core(TM) i5-8250U CPU @ 1.60GHz (family: 0x6, model: 0x8e, stepping: 0xa)
[    0.775780] Performance Events: unsupported p6 CPU model 142 no PMU driver, software events only.
[    0.787526] KVM setup paravirtual spinlock
[    0.789447] x86: Booting SMP configuration:
[    0.790577] .... node  #0, CPUs:      #1
[    0.791743] kvm-clock: cpu 1, msr 1:1ffef041, secondary cpu clock
[    0.807474] mce: CPU supports 0 MCE banks
[    0.810142] x86: Booted up 1 node, 2 CPUs
[    0.811523] smpboot: Total of 2 processors activated (7200.01 BogoMIPS)
[    0.813625] devtmpfs: initialized
[    0.816641] evm: security.selinux
[    0.817637] evm: security.SMACK64
[    0.818640] evm: security.SMACK64EXEC
[    0.819677] evm: security.SMACK64TRANSMUTE
[    0.820790] evm: security.SMACK64MMAP
[    0.821845] evm: security.ima
[    0.822769] evm: security.capability
[    0.823908] clocksource: jiffies: mask: 0xffffffff max_cycles: 0xffffffff, max_idle_ns: 7645041785100000 ns
[    0.826326] futex hash table entries: 512 (order: 3, 32768 bytes)
[    0.827880] pinctrl core: initialized pinctrl subsystem
[    0.829282] RTC time:  9:47:16, date: 03/27/21
[    0.830826] NET: Registered protocol family 16
[    0.841885] cpuidle: using governor ladder
[    0.852849] cpuidle: using governor menu
[    0.853937] PCCT header not found.
[    0.855047] ACPI: bus type PCI registered
[    0.856100] acpiphp: ACPI Hot Plug PCI Controller Driver version: 0.5
[    0.857810] PCI: Using configuration type 1 for base access
[    0.884665] ACPI: Added _OSI(Module Device)
[    0.885841] ACPI: Added _OSI(Processor Device)
[    0.887015] ACPI: Added _OSI(3.0 _SCP Extensions)
[    0.888213] ACPI: Added _OSI(Processor Aggregator Device)
[    0.890394] ACPI: Executed 1 blocks of module-level executable AML code
[    0.894540] ACPI: Interpreter enabled
[    0.895618] ACPI: (supports S0 S5)
[    0.896676] ACPI: Using IOAPIC for interrupt routing
[    0.898209] PCI: Using host bridge windows from ACPI; if necessary, use "pci=nocrs" and report a bug
[    0.904403] ACPI: PCI Root Bridge [PCI0] (domain 0000 [bus 00-ff])
[    0.905991] acpi PNP0A03:00: _OSC: OS supports [ASPM ClockPM Segments MSI]
[    0.908041] acpi PNP0A03:00: _OSC: not requesting OS control; OS requires [ExtendedConfig ASPM ClockPM MSI]
[    0.910532] acpi PNP0A03:00: fail to add MMCONFIG information, can't access extended PCI configuration space under this bridge.
[    0.926816] PCI host bridge to bus 0000:00
[    0.927870] pci_bus 0000:00: root bus resource [io  0x0000-0x0cf7 window]
[    0.929599] pci_bus 0000:00: root bus resource [io  0x0d00-0xffff window]
[    0.931254] pci_bus 0000:00: root bus resource [mem 0x000a0000-0x000bffff window]
[    0.933070] pci_bus 0000:00: root bus resource [mem 0xe0000000-0xfdffffff window]
[    0.934870] pci_bus 0000:00: root bus resource [bus 00-ff]
[    0.937996] pci 0000:00:01.1: legacy IDE quirk: reg 0x10: [io  0x01f0-0x01f7]
[    0.939508] pci 0000:00:01.1: legacy IDE quirk: reg 0x14: [io  0x03f6]
[    0.941119] pci 0000:00:01.1: legacy IDE quirk: reg 0x18: [io  0x0170-0x0177]
[    0.943226] pci 0000:00:01.1: legacy IDE quirk: reg 0x1c: [io  0x0376]
[    0.984461] pci 0000:00:07.0: quirk: [io  0x4000-0x403f] claimed by PIIX4 ACPI
[    0.986866] pci 0000:00:07.0: quirk: [io  0x4100-0x410f] claimed by PIIX4 SMB
[    1.001217] ACPI: PCI Interrupt Link [LNKA] (IRQs 5 9 10 *11)
[    1.003515] ACPI: PCI Interrupt Link [LNKB] (IRQs 5 9 *10 11)
[    1.005704] ACPI: PCI Interrupt Link [LNKC] (IRQs 5 *9 10 11)
[    1.007831] ACPI: PCI Interrupt Link [LNKD] (IRQs 5 9 10 *11)
[    1.009962] ACPI: Enabled 2 GPEs in block 00 to 07
[    1.011617] vgaarb: setting as boot device: PCI:0000:00:02.0
[    1.013057] vgaarb: device added: PCI:0000:00:02.0,decodes=io+mem,owns=io+mem,locks=none
[    1.015300] vgaarb: loaded
[    1.016223] vgaarb: bridge control possible 0000:00:02.0
[    1.017816] SCSI subsystem initialized
[    1.019077] ACPI: bus type USB registered
[    1.020195] usbcore: registered new interface driver usbfs
[    1.021682] usbcore: registered new interface driver hub
[    1.023100] usbcore: registered new device driver usb
[    1.024718] PCI: Using ACPI for IRQ routing
[    1.026256] NetLabel: Initializing
[    1.027252] NetLabel:  domain hash size = 128
[    1.028473] NetLabel:  protocols = UNLABELED CIPSOv4
[    1.029785] NetLabel:  unlabeled traffic allowed by default
[    1.031496] amd_nb: Cannot enumerate AMD northbridges
[    1.039867] clocksource: Switched to clocksource kvm-clock
[    1.059204] AppArmor: AppArmor Filesystem Enabled
[    1.060559] pnp: PnP ACPI init
[    1.062351] pnp: PnP ACPI: found 3 devices
[    1.074127] clocksource: acpi_pm: mask: 0xffffff max_cycles: 0xffffff, max_idle_ns: 2085701024 ns
[    1.076539] NET: Registered protocol family 2
[    1.077940] TCP established hash table entries: 32768 (order: 6, 262144 bytes)
[    1.080119] TCP bind hash table entries: 32768 (order: 7, 524288 bytes)
[    1.088017] TCP: Hash tables configured (established 32768 bind 32768)
[    1.089758] UDP hash table entries: 2048 (order: 4, 65536 bytes)
[    1.091305] UDP-Lite hash table entries: 2048 (order: 4, 65536 bytes)
[    1.092979] NET: Registered protocol family 1
[    1.094163] pci 0000:00:00.0: Limiting direct PCI/PCI transfers
[    1.095673] pci 0000:00:01.0: Activating ISA DMA hang workarounds
[    1.097388] Unpacking initramfs...
[    1.428963] Freeing initrd memory: 14884K
[    1.430199] PCI-DMA: Using software bounce buffering for IO (SWIOTLB)
[    1.431779] software IO TLB: mapped [mem 0xdbff0000-0xdfff0000] (64MB)
[    1.433410] clocksource: tsc: mask: 0xffffffffffffffff max_cycles: 0x19f22c73312, max_idle_ns: 440795259572 ns
[    1.435941] platform rtc_cmos: registered platform RTC device (no PNP device found)
[    1.438027] Scanning for low memory corruption every 60 seconds
[    1.439882] audit: initializing netlink subsys (disabled)
[    1.441280] audit: type=2000 audit(1616838441.927:1): initialized
[    1.443036] Initialise system trusted keyring
[    1.444489] HugeTLB registered 2 MB page size, pre-allocated 0 pages
[    1.447308] zbud: loaded
[    1.448511] VFS: Disk quotas dquot_6.6.0
[    1.449677] VFS: Dquot-cache hash table entries: 512 (order 0, 4096 bytes)
[    1.451622] squashfs: version 4.0 (2009/01/31) Phillip Lougher
[    1.453462] fuse init (API version 7.23)
[    1.454698] Key type big_key registered
[    1.455859] Allocating IMA MOK and blacklist keyrings.
[    1.459381] Key type asymmetric registered
[    1.460586] Asymmetric key parser 'x509' registered
[    1.461971] Block layer SCSI generic (bsg) driver version 0.4 loaded (major 249)
[    1.464321] io scheduler noop registered
[    1.465464] io scheduler deadline registered (default)
[    1.466831] io scheduler cfq registered
[    1.468076] pci_hotplug: PCI Hot Plug PCI Core version: 0.5
[    1.469516] pciehp: PCI Express Hot Plug Controller Driver version: 0.4
[    1.471409] ACPI: AC Adapter [AC] (off-line)
[    1.472732] input: Power Button as /devices/LNXSYSTM:00/LNXPWRBN:00/input/input0
[    1.474856] ACPI: Power Button [PWRF]
[    1.476037] input: Sleep Button as /devices/LNXSYSTM:00/LNXSLPBN:00/input/input1
[    1.478084] ACPI: Sleep Button [SLPF]
[    1.488599] GHES: HEST is not enabled!
[    1.490492] ACPI: Battery Slot [BAT0] (battery present)
[    1.491946] Serial: 8250/16550 driver, 32 ports, IRQ sharing enabled
[    1.514233] 00:02: ttyS0 at I/O 0x3f8 (irq = 4, base_baud = 115200) is a 16550A
[    1.517440] Linux agpgart interface v0.103
[    1.520658] loop: module loaded
[    1.522563] scsi host0: ata_piix
[    1.523765] scsi host1: ata_piix
[    1.524906] ata1: PATA max UDMA/33 cmd 0x1f0 ctl 0x3f6 bmdma 0xd000 irq 14
[    1.526643] ata2: PATA max UDMA/33 cmd 0x170 ctl 0x376 bmdma 0xd008 irq 15
[    1.528655] libphy: Fixed MDIO Bus: probed
[    1.529785] tun: Universal TUN/TAP device driver, 1.6
[    1.531189] tun: (C) 1999-2004 Max Krasnyansky <maxk@qualcomm.com>
[    1.532851] PPP generic driver version 2.4.2
[    1.534070] ehci_hcd: USB 2.0 'Enhanced' Host Controller (EHCI) Driver
[    1.535659] ehci-pci: EHCI PCI platform driver
[    1.536970] ehci-platform: EHCI generic platform driver
[    1.538340] ohci_hcd: USB 1.1 'Open' Host Controller (OHCI) Driver
[    1.540015] ohci-pci: OHCI PCI platform driver
[    1.541212] ohci-platform: OHCI generic platform driver
[    1.542687] uhci_hcd: USB Universal Host Controller Interface driver
[    1.544399] i8042: PNP: PS/2 Controller [PNP0303:PS2K,PNP0f03:PS2M] at 0x60,0x64 irq 1,12
[    1.547226] serio: i8042 KBD port at 0x60,0x64 irq 1
[    1.548592] serio: i8042 AUX port at 0x60,0x64 irq 12
[    1.550098] mousedev: PS/2 mouse device common for all mice
[    1.551945] rtc_cmos rtc_cmos: rtc core: registered rtc_cmos as rtc0
[    1.553628] rtc_cmos rtc_cmos: alarms up to one day, 114 bytes nvram
[    1.555241] i2c /dev entries driver
[    1.556366] device-mapper: uevent: version 1.0.3
[    1.557655] input: AT Translated Set 2 keyboard as /devices/platform/i8042/serio0/input/input2
[    1.560259] device-mapper: ioctl: 4.34.0-ioctl (2015-10-28) initialised: dm-devel@redhat.com
[    1.562459] ledtrig-cpu: registered to indicate activity on CPUs
[    1.564974] NET: Registered protocol family 10
[    1.566521] NET: Registered protocol family 17
[    1.567745] Key type dns_resolver registered
[    1.569445] registered taskstats version 1
[    1.570594] Loading compiled-in X.509 certificates
[    1.572503] Loaded X.509 cert 'Build time autogenerated kernel key: 7d89d4973e8e82529e7123890c54abbb198c4f27'
[    1.577127] zswap: loaded using pool lzo/zbud
[    1.580102] Key type trusted registered
[    1.583950] Key type encrypted registered
[    1.585055] AppArmor: AppArmor sha1 policy hashing enabled
[    1.586496] ima: No TPM chip found, activating TPM-bypass!
[    1.587884] ima: Allocated hash algorithm: sha1
[    1.589129] evm: HMAC attrs: 0x1
[    1.590332]   Magic number: 13:200:779
[    1.591462] rtc_cmos rtc_cmos: setting system clock to 2021-03-27 09:47:17 UTC (1616838437)
[    1.593874] BIOS EDD facility v0.16 2004-Jun-25, 0 devices found
[    1.595363] EDD information not available.
[    1.708377] Freeing unused kernel memory: 1496K
[    1.709631] Write protecting the kernel read-only data: 14336k
[    1.711559] Freeing unused kernel memory: 1588K
[    1.713070] Freeing unused kernel memory: 52K
Loading, please wait...
starting version 229
[    1.727838] random: systemd-udevd: uninitialized urandom read (16 bytes read, 3 bits of entropy available)
[    1.728331] random: udevadm: uninitialized urandom read (16 bytes read, 3 bits of entropy available)
[    1.728360] random: udevadm: uninitialized urandom read (16 bytes read, 3 bits of entropy available)
[    1.735202] random: systemd-udevd: uninitialized urandom read (16 bytes read, 3 bits of entropy available)
[    1.736915] random: udevadm: uninitialized urandom read (16 bytes read, 3 bits of entropy available)
[    1.736964] random: udevadm: uninitialized urandom read (16 bytes read, 3 bits of entropy available)
[    1.737112] random: udevadm: uninitialized urandom read (16 bytes read, 3 bits of entropy available)
[    1.737170] random: udevadm: uninitialized urandom read (16 bytes read, 3 bits of entropy available)
[    1.737229] random: udevadm: uninitialized urandom read (16 bytes read, 3 bits of entropy available)
[    1.737290] random: udevadm: uninitialized urandom read (16 bytes read, 3 bits of entropy available)
[    1.786498] e1000: Intel(R) PRO/1000 Network Driver - version 7.3.21-k8-NAPI
[    1.788352] e1000: Copyright (c) 1999-2006 Intel Corporation.
[    1.789888] Fusion MPT base driver 3.04.20
[    1.791021] Copyright (c) 1999-2008 LSI Corporation
[    1.795493] Fusion MPT SPI Host driver 3.04.20
[    1.835198] AVX2 version of gcm_enc/dec engaged.
[    1.836515] AES CTR mode by8 optimization enabled
[    2.038960] input: ImExPS/2 Generic Explorer Mouse as /devices/platform/i8042/serio1/input/input4
[    2.445087] e1000 0000:00:03.0 eth0: (PCI:33MHz:32-bit) 02:96:8e:bc:5b:f3
[    2.446735] e1000 0000:00:03.0 eth0: Intel(R) PRO/1000 Network Connection
[    2.449463] mptbase: ioc0: Initiating bringup
[    2.451236] e1000 0000:00:03.0 enp0s3: renamed from eth0
[    2.560316] ioc0: LSI53C1030 A0: Capabilities={Initiator}
[    4.906929] scsi host2: ioc0: LSI53C1030 A0, FwRev=00000000h, Ports=1, MaxQ=256, IRQ=20
[    6.568587] scsi 2:0:0:0: Direct-Access     VBOX     HARDDISK         1.0  PQ: 0 ANSI: 5
[    6.570924] scsi target2:0:0: Beginning Domain Validation
[    6.582775] scsi target2:0:0: Domain Validation skipping write tests
[    6.584301] scsi target2:0:0: Ending Domain Validation
[    6.585789] scsi target2:0:0: asynchronous
[    6.588319] scsi 2:0:1:0: Direct-Access     VBOX     HARDDISK         1.0  PQ: 0 ANSI: 5
[    6.590456] scsi target2:0:1: Beginning Domain Validation
[    6.594914] scsi target2:0:1: Domain Validation skipping write tests
[    6.596573] scsi target2:0:1: Ending Domain Validation
[    6.597835] scsi target2:0:1: asynchronous
[    6.604727] sd 2:0:0:0: Attached scsi generic sg0 type 0
[    6.606084] sd 2:0:0:0: [sda] 83886080 512-byte logical blocks: (42.9 GB/40.0 GiB)
[    6.608378] sd 2:0:1:0: Attached scsi generic sg1 type 0
[    6.608925] sd 2:0:1:0: [sdb] 20480 512-byte logical blocks: (10.5 MB/10.0 MiB)
[    6.609042] sd 2:0:0:0: [sda] Write Protect is off
[    6.609094] sd 2:0:1:0: [sdb] Write Protect is off
[    6.609159] sd 2:0:0:0: [sda] Incomplete mode parameter data
[    6.609161] sd 2:0:0:0: [sda] Assuming drive cache: write through
[    6.609212] sd 2:0:1:0: [sdb] Incomplete mode parameter data
[    6.609213] sd 2:0:1:0: [sdb] Assuming drive cache: write through
[    6.612040]  sda: sda1
[    6.613186] sd 2:0:0:0: [sda] Attached SCSI disk
[    6.613396] sd 2:0:1:0: [sdb] Attached SCSI disk
Begin: Loading essential drivers ... [    8.081346] md: linear personality registered for level -1
[    8.084719] md: multipath personality registered for level -4
[    8.088054] md: raid0 personality registered for level 0
[    8.093034] md: raid1 personality registered for level 1
[    8.164234] raid6: sse2x1   gen() 11768 MB/s
[    8.232059] raid6: sse2x1   xor()  8716 MB/s
[    8.300318] raid6: sse2x2   gen() 14708 MB/s
[    8.368206] raid6: sse2x2   xor() 10078 MB/s
[    8.436057] raid6: sse2x4   gen() 16505 MB/s
[    8.504310] raid6: sse2x4   xor() 10490 MB/s
[    8.572180] raid6: avx2x1   gen() 20492 MB/s
[    8.640015] raid6: avx2x2   gen() 26486 MB/s
[    8.708331] raid6: avx2x4   gen() 29207 MB/s
[    8.709472] raid6: using algorithm avx2x4 gen() 29207 MB/s
[    8.710887] raid6: using avx2x2 recovery algorithm
[    8.713583] xor: automatically using best checksumming function:
[    8.752194]    avx       : 25979.000 MB/sec
[    8.754370] async_tx: api initialized (async)
[    8.764074] md: raid6 personality registered for level 6
[    8.765454] md: raid5 personality registered for level 5
[    8.766786] md: raid4 personality registered for level 4
[    8.774730] md: raid10 personality registered for level 10
done.
Begin: Running /scripts/init-premount ... done.
Begin: Mounting root file system ... Begin: Running /scripts/local-top ... done.
Begin: Running /scripts/local-premount ... [    8.806642] Btrfs loaded
Scanning for Btrfs filesystems
done.
Warning: fsck not present, so skipping root file system
[    8.844813] EXT4-fs (sda1): mounted filesystem with ordered data mode. Opts: (null)
done.
Begin: Running /scripts/local-bottom ... done.
Begin: Running /scripts/init-bottom ... done.
[    8.939572] systemd[1]: systemd 229 running in system mode. (+PAM +AUDIT +SELINUX +IMA +APPARMOR +SMACK +SYSVINIT +UTMP +LIBCRYPTSETUP +GCRYPT +GNUTLS +ACL +XZ -LZ4 +SECCOMP +BLKID +ELFUTILS +KMOD -IDN)
[    8.943896] systemd[1]: Detected virtualization oracle.
[    8.945280] systemd[1]: Detected architecture x86-64.

Welcome to [1mUbuntu 16.04.7 LTS[0m!

[    9.432788] systemd[1]: Set hostname to <ubuntu-xenial>.
[    9.696298] systemd[1]: Listening on fsck to fsckd communication Socket.
[[0;32m  OK  [0m] Listening on fsck to fsckd communication Socket.
[    9.699016] systemd[1]: Started Forward Password Requests to Wall Directory Watch.
[[0;32m  OK  [0m] Started Forward Password Requests to Wall Directory Watch.
[    9.702108] systemd[1]: Listening on udev Kernel Socket.
[[0;32m  OK  [0m] Listening on udev Kernel Socket.
[    9.704408] systemd[1]: Listening on Journal Audit Socket.
[[0;32m  OK  [0m] Listening on Journal Audit Socket.
[    9.706869] systemd[1]: Created slice User and Session Slice.
[[0;32m  OK  [0m] Created slice User and Session Slice.
[    9.709160] systemd[1]: Listening on Journal Socket (/dev/log).
[[0;32m  OK  [0m] Listening on Journal Socket (/dev/log).
[    9.711480] systemd[1]: Listening on LVM2 poll daemon socket.
[[0;32m  OK  [0m] Listening on LVM2 poll daemon socket.
[    9.713881] systemd[1]: Reached target Encrypted Volumes.
[[0;32m  OK  [0m] Reached target Encrypted Volumes.
[    9.716447] systemd[1]: Created slice System Slice.
[[0;32m  OK  [0m] Created slice System Slice.
[    9.718512] systemd[1]: Started Trigger resolvconf update for networkd DNS.
[[0;32m  OK  [0m] Started Trigger resolvconf update for networkd DNS.
[    9.721204] systemd[1]: Listening on udev Control Socket.
[[0;32m  OK  [0m] Listening on udev Control Socket.
[    9.723404] systemd[1]: Listening on /dev/initctl Compatibility Named Pipe.
[[0;32m  OK  [0m] Listening on /dev/initctl Compatibility Named Pipe.
[    9.725990] systemd[1]: Reached target User and Group Name Lookups.
[[0;32m  OK  [0m] Reached target User and Group Name Lookups.
[    9.728370] systemd[1]: Reached target Swap.
[[0;32m  OK  [0m] Reached target Swap.
[    9.730601] systemd[1]: Created slice system-serial\x2dgetty.slice.
[[0;32m  OK  [0m] Created slice system-serial\x2dgetty.slice.
[    9.732766] systemd[1]: Reached target System Time Synchronized.
[[0;32m  OK  [0m] Reached target System Time Synchronized.
[    9.735118] systemd[1]: Listening on LVM2 metadata daemon socket.
[[0;32m  OK  [0m] Listening on LVM2 metadata daemon socket.
[    9.737835] systemd[1]: Listening on Device-mapper event daemon FIFOs.
[[0;32m  OK  [0m] Listening on Device-mapper event daemon FIFOs.
[    9.740322] systemd[1]: Listening on Syslog Socket.
[[0;32m  OK  [0m] Listening on Syslog Socket.
[    9.742160] systemd[1]: Listening on Journal Socket.
[[0;32m  OK  [0m] Listening on Journal Socket.
[    9.756533] systemd[1]: Starting Monitoring of LVM2 mirrors, snapshots etc. using dmeventd or progress polling...
         Starting Monitoring of LVM2 mirrors... dmeventd or progress polling...
[    9.769941] systemd[1]: Starting Load Kernel Modules...
         Starting Load Kernel Modules...
[    9.778524] Loading iSCSI transport class v2.0-870.
[    9.781080] systemd[1]: Mounting POSIX Message Queue File System...
         Mounting POSIX Message Queue File System...
[    9.783968] systemd[1]: Starting Set console keymap...
         Starting Set console keymap...
[    9.787262] systemd[1]: Starting Create list of required static device nodes for the current kernel...
         Starting Create list of required st... nodes for the current kernel...
[    9.791338] iscsi: registered transport (tcp)
[    9.791709] systemd[1]: Mounting Huge Pages File System...
         Mounting Huge Pages File System...
[    9.795310] systemd[1]: Starting Uncomplicated firewall...
         Starting Uncomplicated firewall...
[    9.799512] systemd[1]: Mounting Debug File System...
         Mounting Debug File System...
[    9.802511] systemd[1]: Starting Journal Service...
         Starting Journal Service...
[    9.804691] systemd[1]: Set up automount Arbitrary Executable File Formats File System Automount Point.
[[0;32m  OK  [0m] Set up automount Arbitrary Executab...ats File System Automount Point.
[    9.809879] systemd[1]: Starting File System Check on Root Device...
         Starting File System Check on Root Device...
[    9.822539] systemd[1]: Reached target Slices.
[[0;32m  OK  [0m] Reached target Slices.
[    9.825311] systemd[1]: Starting Nameserver information manager...
         Starting Nameserver information manager...
[    9.827793] random: nonblocking pool is initialized
[    9.834179] systemd[1]: Mounted Huge Pages File System.
[[0;32m  OK  [0m] Mounted Huge Pages File System.
[    9.836573] systemd[1]: Mounted POSIX Message Queue File System.
[[0;32m  OK  [0m] Mounted POSIX Message Queue File System.
[    9.849746] systemd[1]: Mounted Debug File System.
[[0;32m  OK  [0m] Mounted Debug File System.
[    9.856577] systemd[1]: Started Create list of required static device nodes for the current kernel.
[[0;32m  OK  [0m] Started Create list of required sta...ce nodes for the current kernel.
[    9.867082] systemd[1]: Started Uncomplicated firewall.
[[0;32m  OK  [0m] Started Uncomplicated firewall.
[    9.875350] iscsi: registered transport (iser)
[    9.877568] systemd[1]: Started File System Check on Root Device.
[[0;32m  OK  [0m] Started File System Check on Root Device.
[    9.888667] systemd[1]: Started Load Kernel Modules.
[[0;32m  OK  [0m] Started Load Kernel Modules.
[    9.909211] systemd[1]: Started Set console keymap.
[[0;32m  OK  [0m] Started Set console keymap.
[    9.913097] systemd[1]: Started Journal Service.
[[0;32m  OK  [0m] Started Journal Service.
[[0;32m  OK  [0m] Started Nameserver information manager.
[[0;32m  OK  [0m] Started LVM2 metadata daemon.
[[0;32m  OK  [0m] Started File System Check Daemon to report status.
         Starting Apply Kernel Variables...
         Mounting FUSE Control File System...
         Starting Remount Root and Kernel File Systems...
         Starting Create Static Device Nodes in /dev...
[[0;32m  OK  [0m] Mounted FUSE Control File System.
[    9.940728] EXT4-fs (sda1): re-mounted. Opts: (null)
[[0;32m  OK  [0m] Started Remount Root and Kernel File Systems.
[[0;32m  OK  [0m] Started Apply Kernel Variables.
         Starting udev Coldplug all Devices...
         Starting Load/Save Random Seed...
         Starting Flush Journal to Persistent Storage...
[[0;32m  OK  [0m] Started Create Static Device Nodes in /dev.
[[0;32m  OK  [0m] Started Load/Save Random Seed.
         Starting udev Kernel Device Manager...
[[0;32m  OK  [0m] Started Flush Journal to Persistent Storage.
[[0;32m  OK  [0m] Started udev Coldplug all Devices.
[[0;32m  OK  [0m] Started udev Kernel Device Manager.
[[0;32m  OK  [0m] Started Dispatch Password Requests to Console Directory Watch.
[[0;32m  OK  [0m] Found device /dev/ttyS0.
[[0;32m  OK  [0m] Started Monitoring of LVM2 mirrors,...ng dmeventd or progress polling.
[[0;32m  OK  [0m] Reached target Local File Systems (Pre).
[[0;32m  OK  [0m] Reached target Local File Systems.
         Starting Create Volatile Files and Directories...
         Starting Set console font and keymap...
         Starting Tell Plymouth To Write Out Runtime Data...
         Starting Initial cloud-init job (pre-networking)...
         Starting LSB: AppArmor initialization...
         Mounting /vagrant...
[[0;32m  OK  [0m] Started Tell Plymouth To Write Out Runtime Data.
[[0;32m  OK  [0m] Listening on Load/Save RF Kill Switch Status /dev/rfkill Watch.
[[0;32m  OK  [0m] Started Create Volatile Files and Directories.
[[0;1;31mFAILED[0m] Failed to mount /vagrant.
See 'systemctl status vagrant.mount' for details.
         Starting Update UTMP about System Boot/Shutdown...
[[0;32m  OK  [0m] Started Update UTMP about System Boot/Shutdown.
[[0;32m  OK  [0m] Found device 82540EM Gigabit Ethern...r (PRO/1000 MT Desktop Adapter).
[[0;32m  OK  [0m] Started LSB: AppArmor initialization.
         Starting Load AppArmor profiles managed internally by snapd...
[[0;32m  OK  [0m] Started Load AppArmor profiles managed internally by snapd.
[   10.992417] [cloud-init[0;32m  OK  [0m[533]: ] Cloud-init v. 20.4.1-0ubuntu1~16.04.1 running 'init-local' at Sat, 27 Mar 2021 09:47:27 +0000. Up 10.65 seconds.Started Initial cloud-init job (pre-networking).

[[0;32m  OK  [0m] Reached target Network (Pre).
         Starting Raise network interfaces...
[[0;32m  OK  [0m] Started ifup for enp0s3.
[[0;32m  OK  [0m] Started Set console font and keymap.
[[0;32m  OK  [0m] Created slice system-getty.slice.
[[0;32m  OK  [0m] Started Raise network interfaces.
[[0;32m  OK  [0m] Reached target Network.
         Starting Initial cloud-init job (metadata service crawler)...
[   12.085643] cloud-init[985]: Cloud-init v. 20.4.1-0ubuntu1~16.04.1 running 'init' at Sat, 27 Mar 2021 09:47:28 +0000. Up 11.74 seconds.
[   12.087640] cloud-init[985]: ci-info: ++++++++++++++++++++++++++++++++++++++Net device info++++++++++++++++++++++++++++++++++++++
[   12.089336] cloud-init[985]: ci-info: +--------+------+----------------------------+---------------+--------+-------------------+
[   12.091011] cloud-init[985]: ci-info: | Device |  Up  |          Address           |      Mask     | Scope  |     Hw-Address    |
[   12.100412] cloud-init[985]: ci-info: +--------+------+----------------------------+---------------+--------+-------------------+
[   12.108632] cloud-init[985]: ci-info: | enp0s3 | True |         10.0.2.15          | 255.255.255.0 | global | 02:96:8e:bc:5b:f3 |
[   12.109875] cloud-init[985]: ci-info: | enp0s3 | True | fe80::96:8eff:febc:5bf3/64 |       .       |  link  | 02:96:8e:bc:5b:f3 |
[   12.111741] cloud-init[985]: ci-info: |   lo   | True |         127.0.0.1          |   255.0.0.0   |  host  |         .         |
[   12.113165] cloud-init[985]: ci-info: |   lo   | True |          ::1/128           |       .       |  host  |         .         |
[   12.120776] cloud-init[985]: ci-info: +--------+------+----------------------------+---------------+--------+-------------------+
[   12.122634] cloud-init[985]: ci-info: +++++++++++++++++++++++++++Route IPv4 info++++++++++++++++++++++++++++
[   12.123895] cloud-init[985]: ci-info: +-------+-------------+----------+---------------+-----------+-------+
[   12.132589] cloud-init[985]: ci-info: | Route | Destination | Gateway  |    Genmask    | Interface | Flags |
[   12.140787] cloud-init[985]: ci-info: +-------+-------------+----------+---------------+-----------+-------+
[   12.141749] cloud-init[985]: ci-info: |   0   |   0.0.0.0   | 10.0.2.2 |    0.0.0.0    |   enp0s3  |   UG  |
[   12.148621] cloud-init[985]: ci-info: |   1   |   10.0.2.0  | 0.0.0.0  | 255.255.255.0 |   enp0s3  |   U   |
[   12.154303] cloud-init[985]: ci-info: +-------+-------------+----------+---------------+-----------+-------+
[   12.160383] cloud-init[985]: ci-info: +++++++++++++++++++Route IPv6 info+++++++++++++++++++
[   12.161356] cloud-init[985]: ci-info: +-------+-------------+---------+-----------+-------+
[   12.177331] cloud-init[985]: ci-info: | Route | Destination | Gateway | Interface | Flags |
[[0;32m  OK  [0m] Started Initial cloud-init job (metadata service crawler).
[[0;32m  OK  [0m] Reached target Network is Online.
[   12.182646] cloud-init[985]: ci-info: +-------+-------------+---------+-----------+-------+
[   12.185351] cloud-init[985]: ci-info: |   0   |  fe80::/64  |    ::   |   enp0s3  |   U   |
[   12.192840] cloud-init[985]: ci-info: |   3   |   ff00::/8  |    ::   |   enp0s3  |   U   |
         Starting iSCSI initiator daemon (iscsid)...
[[0;32m  OK  [0m] Reached target System Initialization.
[   12.204786] cloud-init[985]: ci-info: +-------+-------------+---------+-----------+-------+
[[0;32m  OK  [0m] Started ACPI Events Check.
[[0;32m  OK  [0m] Reached target Paths.
[[0;32m  OK  [0m] Listening on ACPID Listen Socket.
         Starting Socket activation for snappy daemon.
[[0;32m  OK  [0m] Started Daily apt download activities.
[[0;32m  OK  [0m] Started Message of the Day.
[[0;32m  OK  [0m] Started Daily apt upgrade and clean activities.
[[0;32m  OK  [0m] Listening on D-Bus System Message Bus Socket.
         Starting LXD - unix socket.
[[0;32m  OK  [0m] Started Daily Cleanup of Temporary Directories.
[[0;32m  OK  [0m] Reached target Timers.
[[0;32m  OK  [0m] Listening on UUID daemon activation socket.
[[0;32m  OK  [0m] Reached target Cloud-config availability.
[[0;32m  OK  [0m] Listening on Socket activation for snappy daemon.
[[0;32m  OK  [0m] Listening on LXD - unix socket.
[[0;32m  OK  [0m] Reached target Sockets.
[[0;32m  OK  [0m] Reached target Basic System.
         Starting Accounts Service...
         Starting LXD - container startup/shutdown...
[[0;32m  OK  [0m] Started ACPI event daemon.
         Starting Virtualbox guest utils...
         Starting System Logging Service...
[[0;32m  OK  [0m] Started Deferred execution scheduler.
         Starting Login Service...
[[0;32m  OK  [0m] Started FUSE filesystem for LXC.
         Starting /etc/rc.local Compatibility...
[[0;32m  OK  [0m] Started Regular background program processing daemon.
         Starting LSB: MD monitoring daemon...
         Starting Snap Daemon...
[[0;32m  OK  [0m] Started D-Bus System Message Bus.
         Starting OpenBSD Secure Shell server...
         Starting LSB: Record successful boot for GRUB...
[[0;32m  OK  [0m] Started System Logging Service.
[[0;32m  OK  [0m] Started iSCSI initiator daemon (iscsid).
[[0;32m  OK  [0m] Started /etc/rc.local Compatibility.
[[0;32m  OK  [0m] Started Login Service.
[[0;32m  OK  [0m] Started Unattended Upgrades Shutdown.
         Starting Authenticate and Authorize Users to Run Privileged Tasks...
         Starting Login to default iSCSI targets...
[[0;32m  OK  [0m] Started LSB: MD monitoring daemon.
[[0;32m  OK  [0m] Started LSB: Record successful boot for GRUB.
[[0;32m  OK  [0m] Started LXD - container startup/shutdown.
[[0;32m  OK  [0m] Started Login to default iSCSI targets.
[[0;32m  OK  [0m] Started OpenBSD Secure Shell server.
[[0;32m  OK  [0m] Reached target Remote File Systems (Pre).
[[0;32m  OK  [0m] Reached target Remote File Systems.
         Starting LSB: automatic crash report generation...
         Starting LSB: daemon to balance interrupts for SMP systems...
         Starting Permit User Sessions...
         Starting LSB: Set the CPU Frequency Scaling governor to "ondemand"...
[[0;32m  OK  [0m] Started Authenticate and Authorize Users to Run Privileged Tasks.
[[0;32m  OK  [0m] Started Permit User Sessions.
[[0;32m  OK  [0m] Started Accounts Service.
         Starting Hold until boot process finishes up...
         Starting Terminate Plymouth Boot Screen...
[[0;32m  OK  [0m] Started Hold until boot process finishes up.
[[0;32m  OK  [0m] Started Getty on tty1.
         Starting Set console scheme...
[[0;32m  OK  [0m] Started Serial Getty on ttyS0.
[[0;32m  OK  [0m] Reached target Login Prompts.
[[0;32m  OK  [0m] Started Virtualbox guest utils.
[[0;32m  OK  [0m] Started Set console scheme.
[[0;32m  OK  [0m] Started Terminate Plymouth Boot Screen.
[[0;32m  OK  [0m] Started LSB: Set the CPU Frequency Scaling governor to "ondemand".
[[0;32m  OK  [0m] Started LSB: automatic crash report generation.
[[0;32m  OK  [0m] Started LSB: daemon to balance interrupts for SMP systems.
[[0;32m  OK  [0m] Created slice User Slice of vagrant.
         Starting User Manager for UID 1000...
[[0;32m  OK  [0m] Started Session 1 of user vagrant.
[[0;32m  OK  [0m] Started User Manager for UID 1000.
[[0;32m  OK  [0m] Started Snap Daemon.
         Starting Wait until snapd is fully seeded...
[[0;32m  OK  [0m] Started Wait until snapd is fully seeded.
         Starting Apply the settings specified in cloud-config...
[[0;32m  OK  [0m] Reached target Multi-User System.
[[0;32m  OK  [0m] Reached target Graphical Interface.
         Starting Update UTMP about System Runlevel Changes...
[[0;32m  OK  [0m] Started Update UTMP about System Runlevel Changes.
[   13.548873] cloud-init[1255]: Cloud-init v. 20.4.1-0ubuntu1~16.04.1 running 'modules:config' at Sat, 27 Mar 2021 09:47:29 +0000. Up 13.40 seconds.
[[0;32m  OK  [0m] Started Apply the settings specified in cloud-config.
         Starting Execute cloud user/final scripts...
[   14.199177] cloud-init[1315]: Cloud-init v. 20.4.1-0ubuntu1~16.04.1 running 'modules:final' at Sat, 27 Mar 2021 09:47:30 +0000. Up 14.03 seconds.
[   14.200718] cloud-init[1315]: Cloud-init v. 20.4.1-0ubuntu1~16.04.1 finished at Sat, 27 Mar 2021 09:47:30 +0000. Datasource DataSourceNoCloud [seed=/dev/sdb][dsmode=net].  Up 14.19 seconds
[[0;32m  OK  [0m] Started Execute cloud user/final scripts.
[[0;32m  OK  [0m] Reached target Cloud-init target.

Ubuntu 16.04.7 LTS ubuntu-xenial ttyS0

ubuntu-xenial login:          Stopping User Manager for UID 112...
         Unmounting /vagrant...
         Stopping Authenticate and Authorize Users to Run Privileged Tasks...
         Stopping Session c1 of user jenkins.
[[0;32m  OK  [0m] Closed Load/Save RF Kill Switch Status /dev/rfkill Watch.
[[0;32m  OK  [0m] Stopped target Timers.
[[0;32m  OK  [0m] Stopped Message of the Day.
[[0;32m  OK  [0m] Stopped Daily apt upgrade and clean activities.
[[0;32m  OK  [0m] Stopped Daily Cleanup of Temporary Directories.
[[0;32m  OK  [0m] Stopped Daily apt download activities.
[[0;32m  OK  [0m] Stopped target System Time Synchronized.
[[0;32m  OK  [0m] Stopped target Graphical Interface.
         Stopping User Manager for UID 1000...
         Stopping Accounts Service...
         Stopping ACPI event daemon...
[[0;32m  OK  [0m] Stopped target Cloud-init target.
[[0;32m  OK  [0m] Stopped Execute cloud user/final scripts.
[[0;32m  OK  [0m] Stopped target Multi-User System.
         Stopping LSB: automatic crash report generation...
         Stopping System Logging Service...
         Stopping LSB: MD monitoring daemon...
         Stopping LSB: daemon to balance interrupts for SMP systems...
         Stopping Deferred execution scheduler...
         Stopping OpenBSD Secure Shell server...
         Stopping Regular background program processing daemon...
         Stopping FUSE filesystem for LXC...
         Stopping Virtualbox guest utils...
         Stopping LXD - container startup/shutdown...
[[0;32m  OK  [0m] Stopped target Login Prompts.
         Stopping Getty on tty1...
         Stopping Serial Getty on ttyS0...
         Stopping LSB: Set the CPU Frequency Scaling governor to "ondemand"...
         Stopping LSB: Start Jenkins at boot time...
[[0;32m  OK  [0m] Stopped Apply the settings specified in cloud-config.
[[0;32m  OK  [0m] Stopped target Cloud-config availability.
[[0;32m  OK  [0m] Stopped Wait until snapd is fully seeded.
         Stopping Session 3 of user vagrant.
         Stopping D-Bus System Message Bus...
         Stopping LSB: Record successful boot for GRUB...
[[0;32m  OK  [0m] Unmounted /var/lib/lxcfs.
[[0;32m  OK  [0m] Stopped Accounts Service.
[[0;32m  OK  [0m] Stopped System Logging Service.
[[0;32m  OK  [0m] Stopped Deferred execution scheduler.
[[0;32m  OK  [0m] Stopped ACPI event daemon.
[[0;32m  OK  [0m] Stopped Regular background program processing daemon.
[[0;32m  OK  [0m] Stopped Authenticate and Authorize Users to Run Privileged Tasks.
[[0;32m  OK  [0m] Stopped OpenBSD Secure Shell server.
[[0;32m  OK  [0m] Stopped Getty on tty1.
[[0;32m  OK  [0m] Stopped Serial Getty on ttyS0.
[[0;32m  OK  [0m] Stopped User Manager for UID 112.
[[0;32m  OK  [0m] Stopped Session c1 of user jenkins.
[[0;32m  OK  [0m] Stopped User Manager for UID 1000.
[[0;32m  OK  [0m] Unmounted /vagrant.
[[0;32m  OK  [0m] Stopped D-Bus System Message Bus.
[[0;32m  OK  [0m] Stopped Session 3 of user vagrant.
[[0;32m  OK  [0m] Stopped FUSE filesystem for LXC.
[[0;32m  OK  [0m] Stopped LXD - container startup/shutdown.
[[0;32m  OK  [0m] Stopped LSB: automatic crash report generation.
[[0;32m  OK  [0m] Stopped LSB: MD monitoring daemon.
[[0;32m  OK  [0m] Stopped LSB: daemon to balance interrupts for SMP systems.
[[0;32m  OK  [0m] Stopped Virtualbox guest utils.
[[0;32m  OK  [0m] Stopped LSB: Set the CPU Frequency Scaling governor to "ondemand".
[[0;32m  OK  [0m] Stopped LSB: Record successful boot for GRUB.
[[0;32m  OK  [0m] Removed slice User Slice of vagrant.
[[0;32m  OK  [0m] Removed slice User Slice of jenkins.
         Stopping Login Service...
[[0;32m  OK  [0m] Removed slice system-serial\x2dgetty.slice.
         Stopping Permit User Sessions...
[[0;32m  OK  [0m] Stopped /etc/rc.local Compatibility.
[[0;32m  OK  [0m] Removed slice system-getty.slice.
[[0;32m  OK  [0m] Stopped LSB: Start Jenkins at boot time.
[[0;32m  OK  [0m] Stopped Permit User Sessions.
[[0;32m  OK  [0m] Stopped target Remote File Systems.
[[0;32m  OK  [0m] Stopped target Remote File Systems (Pre).
         Stopping Login to default iSCSI targets...
[[0;32m  OK  [0m] Stopped Login Service.
[[0;32m  OK  [0m] Stopped target Basic System.
[[0;32m  OK  [0m] Stopped target Paths.
[[0;32m  OK  [0m] Stopped Dispatch Password Requests to Console Directory Watch.
[[0;32m  OK  [0m] Stopped ACPI Events Check.
[[0;32m  OK  [0m] Stopped Forward Password Requests to Wall Directory Watch.
[[0;32m  OK  [0m] Stopped target Slices.
[[0;32m  OK  [0m] Stopped target Sockets.
[[0;32m  OK  [0m] Closed Syslog Socket.
[[0;32m  OK  [0m] Closed Socket activation for snappy daemon.
[[0;32m  OK  [0m] Closed UUID daemon activation socket.
[[0;32m  OK  [0m] Closed ACPID Listen Socket.
[[0;32m  OK  [0m] Closed LXD - unix socket.
[[0;32m  OK  [0m] Removed slice User and Session Slice.
[[0;32m  OK  [0m] Stopped target User and Group Name Lookups.
[[0;32m  OK  [0m] Closed D-Bus System Message Bus Socket.
[[0;32m  OK  [0m] Stopped target System Initialization.
[[0;32m  OK  [0m] Stopped target Encrypted Volumes.
         Stopping Update UTMP about System Boot/Shutdown...
         Stopping Load/Save Random Seed...
[[0;32m  OK  [0m] Stopped target Swap.
[[0;32m  OK  [0m] Stopped Load/Save Random Seed.
[[0;32m  OK  [0m] Stopped Update UTMP about System Boot/Shutdown.
[[0;32m  OK  [0m] Stopped Create Volatile Files and Directories.
[[0;32m  OK  [0m] Stopped Login to default iSCSI targets.
         Stopping iSCSI initiator daemon (iscsid)...
[[0;32m  OK  [0m] Stopped iSCSI initiator daemon (iscsid).
[[0;32m  OK  [0m] Stopped target Network is Online.
[[0;32m  OK  [0m] Stopped Initial cloud-init job (metadata service crawler).
[[0;32m  OK  [0m] Stopped target Network.
         Stopping Raise network interfaces...
[[0;32m  OK  [0m] Stopped Raise network interfaces.
[[0;32m  OK  [0m] Stopped Apply Kernel Variables.
[[0;32m  OK  [0m] Stopped Load Kernel Modules.
[[0;32m  OK  [0m] Stopped target Network (Pre).
[[0;32m  OK  [0m] Stopped Initial cloud-init job (pre-networking).
[[0;32m  OK  [0m] Stopped target Local File Systems.
         Unmounting /run/user/1000...
         Unmounting /run/user/112...
[[0;32m  OK  [0m] Unmounted /run/user/1000.
[[0;32m  OK  [0m] Unmounted /run/user/112.
[[0;32m  OK  [0m] Reached target Unmount All Filesystems.
[[0;32m  OK  [0m] Stopped target Local File Systems (Pre).
[[0;32m  OK  [0m] Stopped Remount Root and Kernel File Systems.
[[0;32m  OK  [0m] Stopped Create Static Device Nodes in /dev.
[[0;32m  OK  [0m] Reached target Shutdown.
[  855.767608] reboot: Power down
